2024-11-13 12:07:00,937 - ERROR - 사용자 등록 실패: Expecting value: line 1 column 1 (char 0)
2024-11-13 12:07:16,223 - ERROR - 사용자 등록 실패: Expecting value: line 1 column 1 (char 0)
2024-11-13 12:07:26,969 - ERROR - 로그인 실패: Expecting value: line 1 column 1 (char 0)
2024-11-13 12:07:31,887 - ERROR - 사용자 등록 실패: Expecting value: line 1 column 1 (char 0)
2024-11-13 12:36:32,053 - ERROR - 사용자 등록 실패: Expecting value: line 1 column 1 (char 0)
2024-11-13 12:36:51,805 - ERROR - 로그인 실패: Expecting value: line 1 column 1 (char 0)
2024-11-13 12:37:12,198 - ERROR - 로그인 실패: Expecting value: line 1 column 1 (char 0)
2024-11-13 12:41:41,065 - ERROR - 로그아웃 실패: Expecting value: line 1 column 1 (char 0)
2024-11-13 12:41:43,127 - ERROR - 이벤트 조회 실패: Expecting value: line 1 column 1 (char 0)
2024-11-13 12:42:01,151 - ERROR - 로그인 실패: Expecting value: line 1 column 1 (char 0)
2024-11-13 12:42:16,733 - ERROR - 로그인 실패: Expecting value: line 1 column 1 (char 0)
2024-11-13 12:43:52,558 - ERROR - 로그인 실패: Expecting value: line 1 column 1 (char 0)
2024-11-13 13:15:16,615 - ERROR - 사용자 등록 실패: Expecting value: line 1 column 1 (char 0)
2024-11-13 13:15:29,855 - ERROR - 로그인 실패: Expecting value: line 1 column 1 (char 0)
2024-11-13 13:23:22,458 - INFO - 사용자 등록: 너울 - 사용자가 성공적으로 등록되었습니다.
2024-11-13 13:23:29,772 - INFO - 사용자 로그인: 너울 - 성공
2024-11-13 13:23:39,683 - INFO - 이벤트 조회 - 성공
2024-11-13 13:24:06,410 - INFO - 예약 현황 조회 - 성공
2024-11-13 13:24:41,954 - INFO - 티켓 예약: 이벤트 ID 5 - 티켓이 성공적으로 예약되었습니다.
2024-11-13 13:24:45,455 - INFO - 예약 현황 조회 - 성공
